<?xml version="1.0" encoding="UTF-8"?>
<testsuite xmlns:xsi="http://www.w3.org/2001/XMLSchema-instance" xsi:noNamespaceSchemaLocation="https://maven.apache.org/surefire/maven-surefire-plugin/xsd/surefire-test-report-3.0.xsd" version="3.0" name="com.banking.ledger.validation.InputValidatorTest$AmountValidationTests" time="0.034" tests="13" errors="0" skipped="0" failures="0">
  <properties>
[...]
</properties>
  <testcase name="validateAmount_Valid" classname="com.banking.ledger.validation.InputValidatorTest$AmountValidationTests" time="0.0"/>
  <testcase name="validateAmount_InvalidFormat(String)[1]" classname="com.banking.ledger.validation.InputValidatorTest$AmountValidationTests" time="0.008"/>
  <testcase name="validateAmount_InvalidFormat(String)[2]" classname="com.banking.ledger.validation.InputValidatorTest$AmountValidationTests" time="0.0"/>
  <testcase name="validateAmount_InvalidFormat(String)[3]" classname="com.banking.ledger.validation.InputValidatorTest$AmountValidationTests" time="0.004"/>
  <testcase name="validateAmount_InvalidFormat(String)[4]" classname="com.banking.ledger.validation.InputValidatorTest$AmountValidationTests" time="0.002">
    <system-out><![CDATA[16:03:46.130 [main] WARN com.banking.ledger.validation.InputValidator -- Invalid amount format: [REDACTED]
]]></system-out>
  </testcase>
  <testcase name="validateAmount_InvalidFormat(String)[5]" classname="com.banking.ledger.validation.InputValidatorTest$AmountValidationTests" time="0.002">
    <system-out><![CDATA[16:03:46.132 [main] WARN com.banking.ledger.validation.InputValidator -- Invalid amount format: [REDACTED]
]]></system-out>
  </testcase>
  <testcase name="validateAmount_Trimmed" classname="com.banking.ledger.validation.InputValidatorTest$AmountValidationTests" time="0.0"/>
  <testcase name="validateAmount_FourDecimalPlaces" classname="com.banking.ledger.validation.InputValidatorTest$AmountValidationTests" time="0.0"/>
  <testcase name="validateAmount_ExceedsMax" classname="com.banking.ledger.validation.InputValidatorTest$AmountValidationTests" time="0.003">
    <system-out><![CDATA[16:03:46.138 [main] WARN com.banking.ledger.validation.InputValidator -- Transaction amount exceeds maximum: [REDACTED]
]]></system-out>
  </testcase>
  <testcase name="validateAmount_NonPositive(String)[1]" classname="com.banking.ledger.validation.InputValidatorTest$AmountValidationTests" time="0.002"/>
  <testcase name="validateAmount_NonPositive(String)[2]" classname="com.banking.ledger.validation.InputValidatorTest$AmountValidationTests" time="0.0"/>
  <testcase name="validateAmount_NonPositive(String)[3]" classname="com.banking.ledger.validation.InputValidatorTest$AmountValidationTests" time="0.0"/>
  <testcase name="validateAmount_TooMuchPrecision" classname="com.banking.ledger.validation.InputValidatorTest$AmountValidationTests" time="0.0"/>
</testsuite>